<?xml version="1.0" encoding="UTF-8"?>
<testsuite xmlns:xsi="http://www.w3.org/2001/XMLSchema-instance" xsi:noNamespaceSchemaLocation="https://maven.apache.org/surefire/maven-surefire-plugin/xsd/surefire-test-report.xsd" name="TestRunner" time="1.246" tests="11" errors="0" skipped="0" failures="0">
  <properties>
[...]
</properties>
  <testcase name="Given url &quot;http://103.79.223.60:8080/hooker/core/v1/categories/all&quot;" classname="Scenario: Testing valid end Ponits" time="0.001"/>
  <testcase name="When method Get" classname="Scenario: Testing valid end Ponits" time="0"/>
  <testcase name="Then status 200" classname="Scenario: Testing valid end Ponits" time="0"/>
  <testcase name="And match response.message == &quot;Categories fetch success&quot;" classname="Scenario: Testing valid end Ponits" time="0"/>
  <testcase name="Scenario: Testing valid end Ponits" classname="Scenario: Testing valid end Ponits" time="0"/>
  <testcase name="Given url &quot;http://103.79.223.60:8080/hooker/core/v1/categories&quot;" classname="Scenario: Testing" time="0"/>
  <testcase name="And request {&quot;categoryName&quot;:&quot;test&quot;,&quot;categoryDescription&quot;:&quot;test&quot;}" classname="Scenario: Testing" time="0"/>
  <testcase name="And header Content-Type = application/json" classname="Scenario: Testing" time="0"/>
  <testcase name="When method POST" classname="Scenario: Testing" time="0"/>
  <testcase name="Then status 200" classname="Scenario: Testing" time="0"/>
  <testcase name="Scenario: Testing" classname="Scenario: Testing" time="0"/>
</testsuite>